Determining if the function wsyncup exists in the /usr/lib/i386-linux-gnu/libcurses.so passed with the following output:
Change Dir: /home/haihem/Bureau/books/vscode/cmake-3.20.2/Source/Checks/Curses-build/CMakeFiles/CMakeTmp

Run Build Command(s):/usr/bin/make -f Makefile cmTC_08cfd/fast && make  -f CMakeFiles/cmTC_08cfd.dir/build.make CMakeFiles/cmTC_08cfd.dir/build
make[1]: Entering directory `/home/haihem/Bureau/books/vscode/cmake-3.20.2/Source/Checks/Curses-build/CMakeFiles/CMakeTmp'
Building C object CMakeFiles/cmTC_08cfd.dir/CheckFunctionExists.c.o
/usr/bin/gcc   -DCHECK_FUNCTION_EXISTS=wsyncup -o CMakeFiles/cmTC_08cfd.dir/CheckFunctionExists.c.o -c /home/haihem/Bureau/books/vscode/cmake-3.20.2/Modules/CheckFunctionExists.c
Linking C executable cmTC_08cfd
/home/haihem/Bureau/books/vscode/cmake-3.20.2/Bootstrap.cmk/cmake -E cmake_link_script CMakeFiles/cmTC_08cfd.dir/link.txt --verbose=1
/usr/bin/gcc  -DCHECK_FUNCTION_EXISTS=wsyncup -rdynamic CMakeFiles/cmTC_08cfd.dir/CheckFunctionExists.c.o -o cmTC_08cfd  -lcurses 
make[1]: Leaving directory `/home/haihem/Bureau/books/vscode/cmake-3.20.2/Source/Checks/Curses-build/CMakeFiles/CMakeTmp'



Determining if the function cbreak exists in the /usr/lib/i386-linux-gnu/libncurses.so passed with the following output:
Change Dir: /home/haihem/Bureau/books/vscode/cmake-3.20.2/Source/Checks/Curses-build/CMakeFiles/CMakeTmp

Run Build Command(s):/usr/bin/make -f Makefile cmTC_9b4e8/fast && make  -f CMakeFiles/cmTC_9b4e8.dir/build.make CMakeFiles/cmTC_9b4e8.dir/build
make[1]: Entering directory `/home/haihem/Bureau/books/vscode/cmake-3.20.2/Source/Checks/Curses-build/CMakeFiles/CMakeTmp'
Building C object CMakeFiles/cmTC_9b4e8.dir/CheckFunctionExists.c.o
/usr/bin/gcc   -DCHECK_FUNCTION_EXISTS=cbreak -o CMakeFiles/cmTC_9b4e8.dir/CheckFunctionExists.c.o -c /home/haihem/Bureau/books/vscode/cmake-3.20.2/Modules/CheckFunctionExists.c
Linking C executable cmTC_9b4e8
/home/haihem/Bureau/books/vscode/cmake-3.20.2/Bootstrap.cmk/cmake -E cmake_link_script CMakeFiles/cmTC_9b4e8.dir/link.txt --verbose=1
/usr/bin/gcc  -DCHECK_FUNCTION_EXISTS=cbreak -rdynamic CMakeFiles/cmTC_9b4e8.dir/CheckFunctionExists.c.o -o cmTC_9b4e8  -lncurses 
make[1]: Leaving directory `/home/haihem/Bureau/books/vscode/cmake-3.20.2/Source/Checks/Curses-build/CMakeFiles/CMakeTmp'



Determining if the function nodelay exists in the /usr/lib/i386-linux-gnu/libncurses.so passed with the following output:
Change Dir: /home/haihem/Bureau/books/vscode/cmake-3.20.2/Source/Checks/Curses-build/CMakeFiles/CMakeTmp

Run Build Command(s):/usr/bin/make -f Makefile cmTC_951ac/fast && make  -f CMakeFiles/cmTC_951ac.dir/build.make CMakeFiles/cmTC_951ac.dir/build
make[1]: Entering directory `/home/haihem/Bureau/books/vscode/cmake-3.20.2/Source/Checks/Curses-build/CMakeFiles/CMakeTmp'
Building C object CMakeFiles/cmTC_951ac.dir/CheckFunctionExists.c.o
/usr/bin/gcc   -DCHECK_FUNCTION_EXISTS=nodelay -o CMakeFiles/cmTC_951ac.dir/CheckFunctionExists.c.o -c /home/haihem/Bureau/books/vscode/cmake-3.20.2/Modules/CheckFunctionExists.c
Linking C executable cmTC_951ac
/home/haihem/Bureau/books/vscode/cmake-3.20.2/Bootstrap.cmk/cmake -E cmake_link_script CMakeFiles/cmTC_951ac.dir/link.txt --verbose=1
/usr/bin/gcc  -DCHECK_FUNCTION_EXISTS=nodelay -rdynamic CMakeFiles/cmTC_951ac.dir/CheckFunctionExists.c.o -o cmTC_951ac  -lncurses 
make[1]: Leaving directory `/home/haihem/Bureau/books/vscode/cmake-3.20.2/Source/Checks/Curses-build/CMakeFiles/CMakeTmp'



